\BOOKMARK [0][-]{chapter.1}{Introduction}{}% 1
\BOOKMARK [1][-]{section.1.1}{What is Tigers Anonymous?}{chapter.1}% 2
\BOOKMARK [1][-]{section.1.2}{Why Multi-Armed Bandits?}{chapter.1}% 3
\BOOKMARK [0][-]{chapter.2}{Literature Review}{}% 4
\BOOKMARK [0][-]{chapter.3}{Methods}{}% 5
\BOOKMARK [1][-]{section.3.1}{UCB1-AKSB Algorithm}{chapter.3}% 6
\BOOKMARK [1][-]{section.3.2}{Tigers Anonymous Data Collection Methods}{chapter.3}% 7
\BOOKMARK [1][-]{section.3.3}{Tigers Anonymous Data Format}{chapter.3}% 8
\BOOKMARK [1][-]{section.3.4}{Tigers Anonymous UCB1-AKSB Implementation}{chapter.3}% 9
\BOOKMARK [0][-]{chapter.4}{Data Analysis}{}% 10
\BOOKMARK [1][-]{section.4.1}{Regret Analysis}{chapter.4}% 11
\BOOKMARK [1][-]{section.4.2}{UCB1-AKSB Effectiveness}{chapter.4}% 12
\BOOKMARK [1][-]{section.4.3}{Individual User Analysis}{chapter.4}% 13
\BOOKMARK [0][-]{chapter.5}{Conclusions}{}% 14
\BOOKMARK [1][-]{section.5.1}{Future Improvements}{chapter.5}% 15
\BOOKMARK [0][-]{section*.2}{Appendices}{}% 16
\BOOKMARK [0][-]{Appendix.a.A}{Data Analysis Code}{}% 17
\BOOKMARK [0][-]{Appendix.a.B}{Conversation Starters}{}% 18
\BOOKMARK [0][-]{Appendix.a.C}{TA Back-End Implementation}{}% 19
\BOOKMARK [1][-]{section.a.C.1}{Princeton IP-Address Filtering Functionality}{Appendix.a.C}% 20
\BOOKMARK [1][-]{section.a.C.2}{User Matching Functionality}{Appendix.a.C}% 21
\BOOKMARK [1][-]{section.a.C.3}{Web Server Functionality}{Appendix.a.C}% 22
\BOOKMARK [1][-]{section.a.C.4}{Conversation Metadata Logging Model}{Appendix.a.C}% 23
\BOOKMARK [0][-]{Appendix.a.D}{TA Front-End Implementation}{}% 24
\BOOKMARK [1][-]{section.a.D.1}{Homepage}{Appendix.a.D}% 25
\BOOKMARK [1][-]{section.a.D.2}{About Page}{Appendix.a.D}% 26
\BOOKMARK [1][-]{section.a.D.3}{Chatroom}{Appendix.a.D}% 27
\BOOKMARK [0][-]{lstnumber.-11.123}{Bibliography}{}% 28
